<?xml version="1.0" encoding="UTF-8"?>
<testsuite xmlns:xsi="http://www.w3.org/2001/XMLSchema-instance" xsi:noNamespaceSchemaLocation="https://maven.apache.org/surefire/maven-surefire-plugin/xsd/surefire-test-report-3.0.xsd" version="3.0" name="com.maven.DAO.EmployeeDAOImplTest" time="0.095" tests="2" errors="0" skipped="0" failures="0">
  <properties>
[...]
</properties>
  <testcase name="testGetEmployeeEmployeeById" classname="com.maven.DAO.EmployeeDAOImplTest" time="0.05"/>
  <testcase name="testcreateEmployee" classname="com.maven.DAO.EmployeeDAOImplTest" time="0.003"/>
</testsuite>